{"/data/JavaScript/Node Training/Node/oficina/controllers/carros.js": {"path":"/data/JavaScript/Node Training/Node/oficina/controllers/carros.js","statementMap":{"0":{"start":{"line":1,"column":14},"end":{"line":1,"column":41}},"1":{"start":{"line":2,"column":25},"end":{"line":2,"column":57}},"2":{"start":{"line":3,"column":22},"end":{"line":3,"column":55}},"3":{"start":{"line":9,"column":0},"end":{"line":56,"column":3}},"4":{"start":{"line":15,"column":6},"end":{"line":15,"column":22}},"5":{"start":{"line":16,"column":2},"end":{"line":16,"column":26}},"6":{"start":{"line":17,"column":14},"end":{"line":17,"column":33}},"7":{"start":{"line":19,"column":2},"end":{"line":22,"column":5}},"8":{"start":{"line":24,"column":2},"end":{"line":27,"column":3}},"9":{"start":{"line":25,"column":17},"end":{"line":25,"column":44}},"10":{"start":{"line":26,"column":4},"end":{"line":26,"column":25}},"11":{"start":{"line":29,"column":2},"end":{"line":29,"column":67}},"12":{"start":{"line":31,"column":2},"end":{"line":31,"column":19}},"13":{"start":{"line":32,"column":2},"end":{"line":32,"column":21}},"14":{"start":{"line":34,"column":17},"end":{"line":34,"column":52}},"15":{"start":{"line":35,"column":19},"end":{"line":40,"column":3}},"16":{"start":{"line":42,"column":2},"end":{"line":42,"column":33}},"17":{"start":{"line":43,"column":15},"end":{"line":43,"column":40}},"18":{"start":{"line":45,"column":2},"end":{"line":48,"column":6}},"19":{"start":{"line":46,"column":4},"end":{"line":48,"column":6}},"20":{"start":{"line":50,"column":2},"end":{"line":55,"column":5}},"21":{"start":{"line":62,"column":0},"end":{"line":81,"column":3}},"22":{"start":{"line":63,"column":11},"end":{"line":63,"column":29}},"23":{"start":{"line":64,"column":12},"end":{"line":64,"column":21}},"24":{"start":{"line":65,"column":2},"end":{"line":69,"column":3}},"25":{"start":{"line":66,"column":4},"end":{"line":66,"column":39}},"26":{"start":{"line":68,"column":4},"end":{"line":68,"column":69}},"27":{"start":{"line":70,"column":2},"end":{"line":73,"column":12}},"28":{"start":{"line":74,"column":2},"end":{"line":75,"column":74}},"29":{"start":{"line":75,"column":4},"end":{"line":75,"column":74}},"30":{"start":{"line":77,"column":2},"end":{"line":80,"column":5}},"31":{"start":{"line":87,"column":0},"end":{"line":112,"column":3}},"32":{"start":{"line":88,"column":11},"end":{"line":88,"column":29}},"33":{"start":{"line":89,"column":13},"end":{"line":89,"column":28}},"34":{"start":{"line":90,"column":27},"end":{"line":90,"column":35}},"35":{"start":{"line":91,"column":2},"end":{"line":91,"column":17}},"36":{"start":{"line":93,"column":14},"end":{"line":103,"column":11}},"37":{"start":{"line":105,"column":2},"end":{"line":106,"column":76}},"38":{"start":{"line":106,"column":4},"end":{"line":106,"column":76}},"39":{"start":{"line":108,"column":2},"end":{"line":111,"column":5}},"40":{"start":{"line":118,"column":0},"end":{"line":134,"column":3}},"41":{"start":{"line":119,"column":13},"end":{"line":119,"column":28}},"42":{"start":{"line":120,"column":2},"end":{"line":123,"column":6}},"43":{"start":{"line":121,"column":4},"end":{"line":123,"column":6}},"44":{"start":{"line":124,"column":2},"end":{"line":127,"column":6}},"45":{"start":{"line":125,"column":4},"end":{"line":127,"column":6}},"46":{"start":{"line":129,"column":14},"end":{"line":129,"column":38}},"47":{"start":{"line":130,"column":2},"end":{"line":133,"column":5}},"48":{"start":{"line":140,"column":0},"end":{"line":155,"column":3}},"49":{"start":{"line":141,"column":11},"end":{"line":141,"column":29}},"50":{"start":{"line":142,"column":2},"end":{"line":144,"column":3}},"51":{"start":{"line":143,"column":4},"end":{"line":143,"column":67}},"52":{"start":{"line":145,"column":14},"end":{"line":145,"column":54}},"53":{"start":{"line":146,"column":2},"end":{"line":148,"column":3}},"54":{"start":{"line":147,"column":4},"end":{"line":147,"column":74}},"55":{"start":{"line":149,"column":2},"end":{"line":149,"column":23}},"56":{"start":{"line":151,"column":2},"end":{"line":154,"column":5}}},"fnMap":{"0":{"name":"(anonymous_0)","decl":{"start":{"line":9,"column":36},"end":{"line":9,"column":37}},"loc":{"start":{"line":9,"column":68},"end":{"line":56,"column":1}},"line":9},"1":{"name":"(anonymous_1)","decl":{"start":{"line":62,"column":35},"end":{"line":62,"column":36}},"loc":{"start":{"line":62,"column":67},"end":{"line":81,"column":1}},"line":62},"2":{"name":"(anonymous_2)","decl":{"start":{"line":87,"column":32},"end":{"line":87,"column":33}},"loc":{"start":{"line":87,"column":64},"end":{"line":112,"column":1}},"line":87},"3":{"name":"(anonymous_3)","decl":{"start":{"line":118,"column":33},"end":{"line":118,"column":34}},"loc":{"start":{"line":118,"column":65},"end":{"line":134,"column":1}},"line":118},"4":{"name":"(anonymous_4)","decl":{"start":{"line":140,"column":32},"end":{"line":140,"column":33}},"loc":{"start":{"line":140,"column":64},"end":{"line":155,"column":1}},"line":140}},"branchMap":{"0":{"loc":{"start":{"line":11,"column":4},"end":{"line":11,"column":15}},"type":"default-arg","locations":[{"start":{"line":11,"column":13},"end":{"line":11,"column":15}}],"line":11},"1":{"loc":{"start":{"line":12,"column":4},"end":{"line":12,"column":23}},"type":"default-arg","locations":[{"start":{"line":12,"column":11},"end":{"line":12,"column":23}}],"line":12},"2":{"loc":{"start":{"line":13,"column":4},"end":{"line":13,"column":15}},"type":"default-arg","locations":[{"start":{"line":13,"column":12},"end":{"line":13,"column":15}}],"line":13},"3":{"loc":{"start":{"line":14,"column":4},"end":{"line":14,"column":12}},"type":"default-arg","locations":[{"start":{"line":14,"column":11},"end":{"line":14,"column":12}}],"line":14},"4":{"loc":{"start":{"line":24,"column":2},"end":{"line":27,"column":3}},"type":"if","locations":[{"start":{"line":24,"column":2},"end":{"line":27,"column":3}},{"start":{"line":24,"column":2},"end":{"line":27,"column":3}}],"line":24},"5":{"loc":{"start":{"line":38,"column":10},"end":{"line":38,"column":56}},"type":"cond-expr","locations":[{"start":{"line":38,"column":43},"end":{"line":38,"column":51}},{"start":{"line":38,"column":54},"end":{"line":38,"column":56}}],"line":38},"6":{"loc":{"start":{"line":39,"column":10},"end":{"line":39,"column":38}},"type":"cond-expr","locations":[{"start":{"line":39,"column":25},"end":{"line":39,"column":33}},{"start":{"line":39,"column":36},"end":{"line":39,"column":38}}],"line":39},"7":{"loc":{"start":{"line":45,"column":2},"end":{"line":48,"column":6}},"type":"if","locations":[{"start":{"line":45,"column":2},"end":{"line":48,"column":6}},{"start":{"line":45,"column":2},"end":{"line":48,"column":6}}],"line":45},"8":{"loc":{"start":{"line":65,"column":2},"end":{"line":69,"column":3}},"type":"if","locations":[{"start":{"line":65,"column":2},"end":{"line":69,"column":3}},{"start":{"line":65,"column":2},"end":{"line":69,"column":3}}],"line":65},"9":{"loc":{"start":{"line":74,"column":2},"end":{"line":75,"column":74}},"type":"if","locations":[{"start":{"line":74,"column":2},"end":{"line":75,"column":74}},{"start":{"line":74,"column":2},"end":{"line":75,"column":74}}],"line":74},"10":{"loc":{"start":{"line":90,"column":12},"end":{"line":90,"column":22}},"type":"default-arg","locations":[{"start":{"line":90,"column":20},"end":{"line":90,"column":22}}],"line":90},"11":{"loc":{"start":{"line":105,"column":2},"end":{"line":106,"column":76}},"type":"if","locations":[{"start":{"line":105,"column":2},"end":{"line":106,"column":76}},{"start":{"line":105,"column":2},"end":{"line":106,"column":76}}],"line":105},"12":{"loc":{"start":{"line":120,"column":2},"end":{"line":123,"column":6}},"type":"if","locations":[{"start":{"line":120,"column":2},"end":{"line":123,"column":6}},{"start":{"line":120,"column":2},"end":{"line":123,"column":6}}],"line":120},"13":{"loc":{"start":{"line":124,"column":2},"end":{"line":127,"column":6}},"type":"if","locations":[{"start":{"line":124,"column":2},"end":{"line":127,"column":6}},{"start":{"line":124,"column":2},"end":{"line":127,"column":6}}],"line":124},"14":{"loc":{"start":{"line":142,"column":2},"end":{"line":144,"column":3}},"type":"if","locations":[{"start":{"line":142,"column":2},"end":{"line":144,"column":3}},{"start":{"line":142,"column":2},"end":{"line":144,"column":3}}],"line":142},"15":{"loc":{"start":{"line":146,"column":2},"end":{"line":148,"column":3}},"type":"if","locations":[{"start":{"line":146,"column":2},"end":{"line":148,"column":3}},{"start":{"line":146,"column":2},"end":{"line":148,"column":3}}],"line":146}},"s":{"0":1,"1":1,"2":1,"3":1,"4":0,"5":0,"6":0,"7":0,"8":0,"9":0,"10":0,"11":0,"12":0,"13":0,"14":0,"15":0,"16":0,"17":0,"18":0,"19":0,"20":0,"21":1,"22":0,"23":0,"24":0,"25":0,"26":0,"27":0,"28":0,"29":0,"30":0,"31":1,"32":0,"33":0,"34":0,"35":0,"36":0,"37":0,"38":0,"39":0,"40":1,"41":0,"42":0,"43":0,"44":0,"45":0,"46":0,"47":0,"48":1,"49":0,"50":0,"51":0,"52":0,"53":0,"54":0,"55":0,"56":0},"f":{"0":0,"1":0,"2":0,"3":0,"4":0},"b":{"0":[0],"1":[0],"2":[0],"3":[0],"4":[0,0],"5":[0,0],"6":[0,0],"7":[0,0],"8":[0,0],"9":[0,0],"10":[0],"11":[0,0],"12":[0,0],"13":[0,0],"14":[0,0],"15":[0,0]},"_coverageSchema":"1a1c01bbd47fc00a2c39e90264f33305004495a9","hash":"d6a79971ba6b8f1bd842c2d1d6891e04943e8ec4"}
,"/data/JavaScript/Node Training/Node/oficina/controllers/produtos.js": {"path":"/data/JavaScript/Node Training/Node/oficina/controllers/produtos.js","statementMap":{"0":{"start":{"line":1,"column":22},"end":{"line":1,"column":55}},"1":{"start":{"line":2,"column":25},"end":{"line":2,"column":57}},"2":{"start":{"line":3,"column":16},"end":{"line":3,"column":45}},"3":{"start":{"line":9,"column":0},"end":{"line":41,"column":3}},"4":{"start":{"line":10,"column":48},"end":{"line":10,"column":62}},"5":{"start":{"line":11,"column":2},"end":{"line":11,"column":23}},"6":{"start":{"line":13,"column":14},"end":{"line":13,"column":35}},"7":{"start":{"line":15,"column":2},"end":{"line":15,"column":29}},"8":{"start":{"line":17,"column":2},"end":{"line":17,"column":31}},"9":{"start":{"line":19,"column":2},"end":{"line":19,"column":38}},"10":{"start":{"line":21,"column":2},"end":{"line":21,"column":31}},"11":{"start":{"line":23,"column":17},"end":{"line":23,"column":54}},"12":{"start":{"line":24,"column":19},"end":{"line":29,"column":3}},"13":{"start":{"line":31,"column":2},"end":{"line":31,"column":33}},"14":{"start":{"line":33,"column":16},"end":{"line":33,"column":41}},"15":{"start":{"line":35,"column":2},"end":{"line":40,"column":5}},"16":{"start":{"line":47,"column":0},"end":{"line":56,"column":3}},"17":{"start":{"line":48,"column":11},"end":{"line":48,"column":28}},"18":{"start":{"line":49,"column":13},"end":{"line":49,"column":53}},"19":{"start":{"line":50,"column":2},"end":{"line":51,"column":79}},"20":{"start":{"line":51,"column":4},"end":{"line":51,"column":79}},"21":{"start":{"line":52,"column":2},"end":{"line":55,"column":5}},"22":{"start":{"line":62,"column":0},"end":{"line":81,"column":3}},"23":{"start":{"line":63,"column":13},"end":{"line":63,"column":28}},"24":{"start":{"line":64,"column":21},"end":{"line":69,"column":11}},"25":{"start":{"line":71,"column":2},"end":{"line":71,"column":56}},"26":{"start":{"line":71,"column":14},"end":{"line":71,"column":56}},"27":{"start":{"line":73,"column":12},"end":{"line":73,"column":38}},"28":{"start":{"line":74,"column":2},"end":{"line":75,"column":75}},"29":{"start":{"line":75,"column":4},"end":{"line":75,"column":75}},"30":{"start":{"line":77,"column":2},"end":{"line":80,"column":5}},"31":{"start":{"line":87,"column":0},"end":{"line":106,"column":3}},"32":{"start":{"line":88,"column":11},"end":{"line":88,"column":28}},"33":{"start":{"line":89,"column":13},"end":{"line":89,"column":28}},"34":{"start":{"line":90,"column":2},"end":{"line":90,"column":38}},"35":{"start":{"line":90,"column":19},"end":{"line":90,"column":38}},"36":{"start":{"line":92,"column":13},"end":{"line":97,"column":11}},"37":{"start":{"line":99,"column":2},"end":{"line":100,"column":79}},"38":{"start":{"line":100,"column":4},"end":{"line":100,"column":79}},"39":{"start":{"line":102,"column":2},"end":{"line":105,"column":5}},"40":{"start":{"line":112,"column":0},"end":{"line":125,"column":3}},"41":{"start":{"line":113,"column":11},"end":{"line":113,"column":28}},"42":{"start":{"line":114,"column":13},"end":{"line":114,"column":46}},"43":{"start":{"line":116,"column":2},"end":{"line":117,"column":79}},"44":{"start":{"line":117,"column":4},"end":{"line":117,"column":79}},"45":{"start":{"line":119,"column":2},"end":{"line":119,"column":22}},"46":{"start":{"line":121,"column":2},"end":{"line":124,"column":5}}},"fnMap":{"0":{"name":"(anonymous_0)","decl":{"start":{"line":9,"column":35},"end":{"line":9,"column":36}},"loc":{"start":{"line":9,"column":67},"end":{"line":41,"column":1}},"line":9},"1":{"name":"(anonymous_1)","decl":{"start":{"line":47,"column":34},"end":{"line":47,"column":35}},"loc":{"start":{"line":47,"column":66},"end":{"line":56,"column":1}},"line":47},"2":{"name":"(anonymous_2)","decl":{"start":{"line":62,"column":35},"end":{"line":62,"column":36}},"loc":{"start":{"line":62,"column":67},"end":{"line":81,"column":1}},"line":62},"3":{"name":"(anonymous_3)","decl":{"start":{"line":87,"column":34},"end":{"line":87,"column":35}},"loc":{"start":{"line":87,"column":66},"end":{"line":106,"column":1}},"line":87},"4":{"name":"(anonymous_4)","decl":{"start":{"line":112,"column":34},"end":{"line":112,"column":35}},"loc":{"start":{"line":112,"column":66},"end":{"line":125,"column":1}},"line":112}},"branchMap":{"0":{"loc":{"start":{"line":10,"column":22},"end":{"line":10,"column":33}},"type":"default-arg","locations":[{"start":{"line":10,"column":30},"end":{"line":10,"column":33}}],"line":10},"1":{"loc":{"start":{"line":10,"column":35},"end":{"line":10,"column":43}},"type":"default-arg","locations":[{"start":{"line":10,"column":42},"end":{"line":10,"column":43}}],"line":10},"2":{"loc":{"start":{"line":15,"column":15},"end":{"line":15,"column":27}},"type":"binary-expr","locations":[{"start":{"line":15,"column":15},"end":{"line":15,"column":21}},{"start":{"line":15,"column":25},"end":{"line":15,"column":27}}],"line":15},"3":{"loc":{"start":{"line":17,"column":13},"end":{"line":17,"column":29}},"type":"binary-expr","locations":[{"start":{"line":17,"column":13},"end":{"line":17,"column":17}},{"start":{"line":17,"column":21},"end":{"line":17,"column":29}}],"line":17},"4":{"loc":{"start":{"line":27,"column":10},"end":{"line":27,"column":56}},"type":"cond-expr","locations":[{"start":{"line":27,"column":43},"end":{"line":27,"column":51}},{"start":{"line":27,"column":54},"end":{"line":27,"column":56}}],"line":27},"5":{"loc":{"start":{"line":28,"column":10},"end":{"line":28,"column":38}},"type":"cond-expr","locations":[{"start":{"line":28,"column":25},"end":{"line":28,"column":33}},{"start":{"line":28,"column":36},"end":{"line":28,"column":38}}],"line":28},"6":{"loc":{"start":{"line":50,"column":2},"end":{"line":51,"column":79}},"type":"if","locations":[{"start":{"line":50,"column":2},"end":{"line":51,"column":79}},{"start":{"line":50,"column":2},"end":{"line":51,"column":79}}],"line":50},"7":{"loc":{"start":{"line":71,"column":2},"end":{"line":71,"column":56}},"type":"if","locations":[{"start":{"line":71,"column":2},"end":{"line":71,"column":56}},{"start":{"line":71,"column":2},"end":{"line":71,"column":56}}],"line":71},"8":{"loc":{"start":{"line":74,"column":2},"end":{"line":75,"column":75}},"type":"if","locations":[{"start":{"line":74,"column":2},"end":{"line":75,"column":75}},{"start":{"line":74,"column":2},"end":{"line":75,"column":75}}],"line":74},"9":{"loc":{"start":{"line":90,"column":2},"end":{"line":90,"column":38}},"type":"if","locations":[{"start":{"line":90,"column":2},"end":{"line":90,"column":38}},{"start":{"line":90,"column":2},"end":{"line":90,"column":38}}],"line":90},"10":{"loc":{"start":{"line":99,"column":2},"end":{"line":100,"column":79}},"type":"if","locations":[{"start":{"line":99,"column":2},"end":{"line":100,"column":79}},{"start":{"line":99,"column":2},"end":{"line":100,"column":79}}],"line":99},"11":{"loc":{"start":{"line":116,"column":2},"end":{"line":117,"column":79}},"type":"if","locations":[{"start":{"line":116,"column":2},"end":{"line":117,"column":79}},{"start":{"line":116,"column":2},"end":{"line":117,"column":79}}],"line":116}},"s":{"0":1,"1":1,"2":1,"3":1,"4":0,"5":0,"6":0,"7":0,"8":0,"9":0,"10":0,"11":0,"12":0,"13":0,"14":0,"15":0,"16":1,"17":0,"18":0,"19":0,"20":0,"21":0,"22":1,"23":0,"24":0,"25":0,"26":0,"27":0,"28":0,"29":0,"30":0,"31":1,"32":0,"33":0,"34":0,"35":0,"36":0,"37":0,"38":0,"39":0,"40":1,"41":0,"42":0,"43":0,"44":0,"45":0,"46":0},"f":{"0":0,"1":0,"2":0,"3":0,"4":0},"b":{"0":[0],"1":[0],"2":[0,0],"3":[0,0],"4":[0,0],"5":[0,0],"6":[0,0],"7":[0,0],"8":[0,0],"9":[0,0],"10":[0,0],"11":[0,0]},"_coverageSchema":"1a1c01bbd47fc00a2c39e90264f33305004495a9","hash":"e9ec2fbcd97aa1ea16ff45cb97f798f29ec0a54d"}
,"/data/JavaScript/Node Training/Node/oficina/controllers/servicos.js": {"path":"/data/JavaScript/Node Training/Node/oficina/controllers/servicos.js","statementMap":{"0":{"start":{"line":1,"column":22},"end":{"line":1,"column":55}},"1":{"start":{"line":2,"column":25},"end":{"line":2,"column":57}},"2":{"start":{"line":3,"column":16},"end":{"line":3,"column":45}},"3":{"start":{"line":9,"column":0},"end":{"line":49,"column":3}},"4":{"start":{"line":10,"column":13},"end":{"line":10,"column":22}},"5":{"start":{"line":11,"column":12},"end":{"line":11,"column":19}},"6":{"start":{"line":13,"column":2},"end":{"line":16,"column":3}},"7":{"start":{"line":14,"column":60},"end":{"line":14,"column":74}},"8":{"start":{"line":15,"column":4},"end":{"line":15,"column":26}},"9":{"start":{"line":18,"column":2},"end":{"line":18,"column":30}},"10":{"start":{"line":19,"column":2},"end":{"line":19,"column":35}},"11":{"start":{"line":19,"column":14},"end":{"line":19,"column":35}},"12":{"start":{"line":20,"column":2},"end":{"line":21,"column":33}},"13":{"start":{"line":20,"column":12},"end":{"line":20,"column":29}},"14":{"start":{"line":21,"column":7},"end":{"line":21,"column":33}},"15":{"start":{"line":23,"column":2},"end":{"line":23,"column":67}},"16":{"start":{"line":25,"column":2},"end":{"line":25,"column":21}},"17":{"start":{"line":26,"column":17},"end":{"line":26,"column":54}},"18":{"start":{"line":27,"column":19},"end":{"line":32,"column":3}},"19":{"start":{"line":34,"column":2},"end":{"line":34,"column":33}},"20":{"start":{"line":36,"column":2},"end":{"line":36,"column":35}},"21":{"start":{"line":38,"column":2},"end":{"line":41,"column":6}},"22":{"start":{"line":39,"column":4},"end":{"line":41,"column":6}},"23":{"start":{"line":43,"column":2},"end":{"line":48,"column":5}},"24":{"start":{"line":55,"column":0},"end":{"line":69,"column":3}},"25":{"start":{"line":56,"column":11},"end":{"line":56,"column":28}},"26":{"start":{"line":58,"column":2},"end":{"line":59,"column":67}},"27":{"start":{"line":59,"column":4},"end":{"line":59,"column":67}},"28":{"start":{"line":61,"column":13},"end":{"line":61,"column":61}},"29":{"start":{"line":62,"column":2},"end":{"line":63,"column":74}},"30":{"start":{"line":63,"column":4},"end":{"line":63,"column":74}},"31":{"start":{"line":65,"column":2},"end":{"line":68,"column":5}},"32":{"start":{"line":75,"column":0},"end":{"line":98,"column":3}},"33":{"start":{"line":76,"column":13},"end":{"line":76,"column":21}},"34":{"start":{"line":77,"column":9},"end":{"line":77,"column":26}},"35":{"start":{"line":79,"column":2},"end":{"line":79,"column":38}},"36":{"start":{"line":79,"column":19},"end":{"line":79,"column":38}},"37":{"start":{"line":81,"column":2},"end":{"line":82,"column":67}},"38":{"start":{"line":82,"column":4},"end":{"line":82,"column":67}},"39":{"start":{"line":84,"column":13},"end":{"line":89,"column":11}},"40":{"start":{"line":91,"column":2},"end":{"line":92,"column":73}},"41":{"start":{"line":92,"column":4},"end":{"line":92,"column":73}},"42":{"start":{"line":94,"column":2},"end":{"line":97,"column":5}},"43":{"start":{"line":104,"column":0},"end":{"line":123,"column":3}},"44":{"start":{"line":105,"column":13},"end":{"line":105,"column":21}},"45":{"start":{"line":107,"column":21},"end":{"line":111,"column":11}},"46":{"start":{"line":113,"column":2},"end":{"line":113,"column":27}},"47":{"start":{"line":115,"column":13},"end":{"line":115,"column":39}},"48":{"start":{"line":116,"column":2},"end":{"line":117,"column":79}},"49":{"start":{"line":117,"column":4},"end":{"line":117,"column":79}},"50":{"start":{"line":119,"column":2},"end":{"line":122,"column":5}},"51":{"start":{"line":129,"column":0},"end":{"line":145,"column":3}},"52":{"start":{"line":130,"column":11},"end":{"line":130,"column":28}},"53":{"start":{"line":131,"column":2},"end":{"line":132,"column":73}},"54":{"start":{"line":132,"column":4},"end":{"line":132,"column":73}},"55":{"start":{"line":134,"column":13},"end":{"line":134,"column":55}},"56":{"start":{"line":136,"column":2},"end":{"line":137,"column":79}},"57":{"start":{"line":137,"column":4},"end":{"line":137,"column":79}},"58":{"start":{"line":139,"column":2},"end":{"line":139,"column":22}},"59":{"start":{"line":141,"column":2},"end":{"line":144,"column":5}}},"fnMap":{"0":{"name":"(anonymous_0)","decl":{"start":{"line":9,"column":38},"end":{"line":9,"column":39}},"loc":{"start":{"line":9,"column":70},"end":{"line":49,"column":1}},"line":9},"1":{"name":"(anonymous_1)","decl":{"start":{"line":55,"column":37},"end":{"line":55,"column":38}},"loc":{"start":{"line":55,"column":69},"end":{"line":69,"column":1}},"line":55},"2":{"name":"(anonymous_2)","decl":{"start":{"line":75,"column":37},"end":{"line":75,"column":38}},"loc":{"start":{"line":75,"column":69},"end":{"line":98,"column":1}},"line":75},"3":{"name":"(anonymous_3)","decl":{"start":{"line":104,"column":37},"end":{"line":104,"column":38}},"loc":{"start":{"line":104,"column":69},"end":{"line":123,"column":1}},"line":104},"4":{"name":"(anonymous_4)","decl":{"start":{"line":129,"column":37},"end":{"line":129,"column":38}},"loc":{"start":{"line":129,"column":69},"end":{"line":145,"column":1}},"line":129}},"branchMap":{"0":{"loc":{"start":{"line":13,"column":2},"end":{"line":16,"column":3}},"type":"if","locations":[{"start":{"line":13,"column":2},"end":{"line":16,"column":3}},{"start":{"line":13,"column":2},"end":{"line":16,"column":3}}],"line":13},"1":{"loc":{"start":{"line":14,"column":10},"end":{"line":14,"column":21}},"type":"default-arg","locations":[{"start":{"line":14,"column":19},"end":{"line":14,"column":21}}],"line":14},"2":{"loc":{"start":{"line":14,"column":23},"end":{"line":14,"column":32}},"type":"default-arg","locations":[{"start":{"line":14,"column":30},"end":{"line":14,"column":32}}],"line":14},"3":{"loc":{"start":{"line":14,"column":34},"end":{"line":14,"column":45}},"type":"default-arg","locations":[{"start":{"line":14,"column":42},"end":{"line":14,"column":45}}],"line":14},"4":{"loc":{"start":{"line":14,"column":47},"end":{"line":14,"column":55}},"type":"default-arg","locations":[{"start":{"line":14,"column":54},"end":{"line":14,"column":55}}],"line":14},"5":{"loc":{"start":{"line":19,"column":2},"end":{"line":19,"column":35}},"type":"if","locations":[{"start":{"line":19,"column":2},"end":{"line":19,"column":35}},{"start":{"line":19,"column":2},"end":{"line":19,"column":35}}],"line":19},"6":{"loc":{"start":{"line":20,"column":2},"end":{"line":21,"column":33}},"type":"if","locations":[{"start":{"line":20,"column":2},"end":{"line":21,"column":33}},{"start":{"line":20,"column":2},"end":{"line":21,"column":33}}],"line":20},"7":{"loc":{"start":{"line":30,"column":10},"end":{"line":30,"column":56}},"type":"cond-expr","locations":[{"start":{"line":30,"column":43},"end":{"line":30,"column":51}},{"start":{"line":30,"column":54},"end":{"line":30,"column":56}}],"line":30},"8":{"loc":{"start":{"line":31,"column":10},"end":{"line":31,"column":38}},"type":"cond-expr","locations":[{"start":{"line":31,"column":25},"end":{"line":31,"column":33}},{"start":{"line":31,"column":36},"end":{"line":31,"column":38}}],"line":31},"9":{"loc":{"start":{"line":38,"column":2},"end":{"line":41,"column":6}},"type":"if","locations":[{"start":{"line":38,"column":2},"end":{"line":41,"column":6}},{"start":{"line":38,"column":2},"end":{"line":41,"column":6}}],"line":38},"10":{"loc":{"start":{"line":58,"column":2},"end":{"line":59,"column":67}},"type":"if","locations":[{"start":{"line":58,"column":2},"end":{"line":59,"column":67}},{"start":{"line":58,"column":2},"end":{"line":59,"column":67}}],"line":58},"11":{"loc":{"start":{"line":62,"column":2},"end":{"line":63,"column":74}},"type":"if","locations":[{"start":{"line":62,"column":2},"end":{"line":63,"column":74}},{"start":{"line":62,"column":2},"end":{"line":63,"column":74}}],"line":62},"12":{"loc":{"start":{"line":79,"column":2},"end":{"line":79,"column":38}},"type":"if","locations":[{"start":{"line":79,"column":2},"end":{"line":79,"column":38}},{"start":{"line":79,"column":2},"end":{"line":79,"column":38}}],"line":79},"13":{"loc":{"start":{"line":81,"column":2},"end":{"line":82,"column":67}},"type":"if","locations":[{"start":{"line":81,"column":2},"end":{"line":82,"column":67}},{"start":{"line":81,"column":2},"end":{"line":82,"column":67}}],"line":81},"14":{"loc":{"start":{"line":91,"column":2},"end":{"line":92,"column":73}},"type":"if","locations":[{"start":{"line":91,"column":2},"end":{"line":92,"column":73}},{"start":{"line":91,"column":2},"end":{"line":92,"column":73}}],"line":91},"15":{"loc":{"start":{"line":116,"column":2},"end":{"line":117,"column":79}},"type":"if","locations":[{"start":{"line":116,"column":2},"end":{"line":117,"column":79}},{"start":{"line":116,"column":2},"end":{"line":117,"column":79}}],"line":116},"16":{"loc":{"start":{"line":131,"column":2},"end":{"line":132,"column":73}},"type":"if","locations":[{"start":{"line":131,"column":2},"end":{"line":132,"column":73}},{"start":{"line":131,"column":2},"end":{"line":132,"column":73}}],"line":131},"17":{"loc":{"start":{"line":136,"column":2},"end":{"line":137,"column":79}},"type":"if","locations":[{"start":{"line":136,"column":2},"end":{"line":137,"column":79}},{"start":{"line":136,"column":2},"end":{"line":137,"column":79}}],"line":136}},"s":{"0":1,"1":1,"2":1,"3":1,"4":0,"5":0,"6":0,"7":0,"8":0,"9":0,"10":0,"11":0,"12":0,"13":0,"14":0,"15":0,"16":0,"17":0,"18":0,"19":0,"20":0,"21":0,"22":0,"23":0,"24":1,"25":0,"26":0,"27":0,"28":0,"29":0,"30":0,"31":0,"32":1,"33":0,"34":0,"35":0,"36":0,"37":0,"38":0,"39":0,"40":0,"41":0,"42":0,"43":1,"44":0,"45":0,"46":0,"47":0,"48":0,"49":0,"50":0,"51":1,"52":0,"53":0,"54":0,"55":0,"56":0,"57":0,"58":0,"59":0},"f":{"0":0,"1":0,"2":0,"3":0,"4":0},"b":{"0":[0,0],"1":[0],"2":[0],"3":[0],"4":[0],"5":[0,0],"6":[0,0],"7":[0,0],"8":[0,0],"9":[0,0],"10":[0,0],"11":[0,0],"12":[0,0],"13":[0,0],"14":[0,0],"15":[0,0],"16":[0,0],"17":[0,0]},"_coverageSchema":"1a1c01bbd47fc00a2c39e90264f33305004495a9","hash":"61733de971f11dce6593d17201174d81d56401b7"}
,"/data/JavaScript/Node Training/Node/oficina/controllers/users.js": {"path":"/data/JavaScript/Node Training/Node/oficina/controllers/users.js","statementMap":{"0":{"start":{"line":1,"column":13},"end":{"line":1,"column":39}},"1":{"start":{"line":2,"column":14},"end":{"line":2,"column":41}},"2":{"start":{"line":3,"column":22},"end":{"line":3,"column":55}},"3":{"start":{"line":4,"column":25},"end":{"line":4,"column":57}},"4":{"start":{"line":5,"column":15},"end":{"line":5,"column":32}},"5":{"start":{"line":6,"column":15},"end":{"line":6,"column":50}},"6":{"start":{"line":12,"column":0},"end":{"line":57,"column":3}},"7":{"start":{"line":13,"column":14},"end":{"line":13,"column":23}},"8":{"start":{"line":14,"column":12},"end":{"line":14,"column":19}},"9":{"start":{"line":16,"column":2},"end":{"line":19,"column":3}},"10":{"start":{"line":17,"column":60},"end":{"line":17,"column":74}},"11":{"start":{"line":18,"column":4},"end":{"line":18,"column":26}},"12":{"start":{"line":21,"column":2},"end":{"line":21,"column":27}},"13":{"start":{"line":22,"column":2},"end":{"line":22,"column":35}},"14":{"start":{"line":22,"column":14},"end":{"line":22,"column":35}},"15":{"start":{"line":23,"column":2},"end":{"line":24,"column":31}},"16":{"start":{"line":23,"column":12},"end":{"line":23,"column":29}},"17":{"start":{"line":24,"column":7},"end":{"line":24,"column":31}},"18":{"start":{"line":26,"column":2},"end":{"line":29,"column":5}},"19":{"start":{"line":31,"column":2},"end":{"line":31,"column":67}},"20":{"start":{"line":33,"column":2},"end":{"line":33,"column":21}},"21":{"start":{"line":34,"column":17},"end":{"line":34,"column":51}},"22":{"start":{"line":35,"column":19},"end":{"line":40,"column":3}},"23":{"start":{"line":42,"column":2},"end":{"line":42,"column":33}},"24":{"start":{"line":44,"column":2},"end":{"line":44,"column":36}},"25":{"start":{"line":46,"column":2},"end":{"line":49,"column":6}},"26":{"start":{"line":47,"column":4},"end":{"line":49,"column":6}},"27":{"start":{"line":51,"column":2},"end":{"line":56,"column":5}},"28":{"start":{"line":63,"column":0},"end":{"line":79,"column":3}},"29":{"start":{"line":64,"column":13},"end":{"line":64,"column":40}},"30":{"start":{"line":66,"column":2},"end":{"line":68,"column":3}},"31":{"start":{"line":67,"column":4},"end":{"line":67,"column":77}},"32":{"start":{"line":70,"column":2},"end":{"line":70,"column":64}},"33":{"start":{"line":72,"column":2},"end":{"line":78,"column":5}},"34":{"start":{"line":85,"column":0},"end":{"line":105,"column":3}},"35":{"start":{"line":86,"column":11},"end":{"line":86,"column":28}},"36":{"start":{"line":88,"column":2},"end":{"line":104,"column":3}},"37":{"start":{"line":89,"column":15},"end":{"line":89,"column":60}},"38":{"start":{"line":90,"column":4},"end":{"line":94,"column":5}},"39":{"start":{"line":91,"column":6},"end":{"line":93,"column":8}},"40":{"start":{"line":96,"column":4},"end":{"line":96,"column":63}},"41":{"start":{"line":98,"column":4},"end":{"line":101,"column":7}},"42":{"start":{"line":103,"column":4},"end":{"line":103,"column":67}},"43":{"start":{"line":111,"column":0},"end":{"line":128,"column":3}},"44":{"start":{"line":112,"column":11},"end":{"line":112,"column":28}},"45":{"start":{"line":113,"column":2},"end":{"line":114,"column":63}},"46":{"start":{"line":114,"column":4},"end":{"line":114,"column":63}},"47":{"start":{"line":115,"column":13},"end":{"line":119,"column":11}},"48":{"start":{"line":121,"column":2},"end":{"line":122,"column":74}},"49":{"start":{"line":122,"column":4},"end":{"line":122,"column":74}},"50":{"start":{"line":124,"column":2},"end":{"line":127,"column":5}},"51":{"start":{"line":134,"column":0},"end":{"line":148,"column":3}},"52":{"start":{"line":135,"column":11},"end":{"line":135,"column":28}},"53":{"start":{"line":136,"column":2},"end":{"line":137,"column":63}},"54":{"start":{"line":137,"column":4},"end":{"line":137,"column":63}},"55":{"start":{"line":139,"column":13},"end":{"line":139,"column":53}},"56":{"start":{"line":141,"column":2},"end":{"line":142,"column":74}},"57":{"start":{"line":142,"column":4},"end":{"line":142,"column":74}},"58":{"start":{"line":144,"column":2},"end":{"line":147,"column":5}},"59":{"start":{"line":154,"column":0},"end":{"line":173,"column":3}},"60":{"start":{"line":155,"column":11},"end":{"line":155,"column":28}},"61":{"start":{"line":156,"column":2},"end":{"line":157,"column":63}},"62":{"start":{"line":157,"column":4},"end":{"line":157,"column":63}},"63":{"start":{"line":158,"column":13},"end":{"line":158,"column":51}},"64":{"start":{"line":159,"column":2},"end":{"line":160,"column":74}},"65":{"start":{"line":160,"column":4},"end":{"line":160,"column":74}},"66":{"start":{"line":161,"column":12},"end":{"line":161,"column":30}},"67":{"start":{"line":162,"column":14},"end":{"line":162,"column":34}},"68":{"start":{"line":163,"column":2},"end":{"line":163,"column":20}},"69":{"start":{"line":164,"column":2},"end":{"line":172,"column":7}},"70":{"start":{"line":179,"column":0},"end":{"line":211,"column":3}},"71":{"start":{"line":180,"column":11},"end":{"line":180,"column":28}},"72":{"start":{"line":181,"column":10},"end":{"line":181,"column":24}},"73":{"start":{"line":182,"column":19},"end":{"line":182,"column":27}},"74":{"start":{"line":184,"column":2},"end":{"line":185,"column":70}},"75":{"start":{"line":185,"column":4},"end":{"line":185,"column":70}},"76":{"start":{"line":187,"column":13},"end":{"line":187,"column":71}},"77":{"start":{"line":189,"column":2},"end":{"line":190,"column":74}},"78":{"start":{"line":190,"column":4},"end":{"line":190,"column":74}},"79":{"start":{"line":192,"column":2},"end":{"line":194,"column":3}},"80":{"start":{"line":193,"column":4},"end":{"line":193,"column":75}},"81":{"start":{"line":196,"column":20},"end":{"line":196,"column":73}},"82":{"start":{"line":198,"column":2},"end":{"line":199,"column":75}},"83":{"start":{"line":199,"column":4},"end":{"line":199,"column":75}},"84":{"start":{"line":201,"column":2},"end":{"line":201,"column":27}},"85":{"start":{"line":203,"column":2},"end":{"line":203,"column":51}},"86":{"start":{"line":205,"column":2},"end":{"line":205,"column":20}},"87":{"start":{"line":207,"column":2},"end":{"line":210,"column":5}},"88":{"start":{"line":217,"column":0},"end":{"line":233,"column":3}},"89":{"start":{"line":218,"column":28},"end":{"line":218,"column":36}},"90":{"start":{"line":219,"column":13},"end":{"line":219,"column":76}},"91":{"start":{"line":220,"column":2},"end":{"line":221,"column":74}},"92":{"start":{"line":221,"column":4},"end":{"line":221,"column":74}},"93":{"start":{"line":222,"column":2},"end":{"line":223,"column":79}},"94":{"start":{"line":223,"column":4},"end":{"line":223,"column":79}},"95":{"start":{"line":224,"column":2},"end":{"line":232,"column":7}},"96":{"start":{"line":239,"column":0},"end":{"line":249,"column":3}},"97":{"start":{"line":240,"column":2},"end":{"line":248,"column":7}}},"fnMap":{"0":{"name":"(anonymous_0)","decl":{"start":{"line":12,"column":32},"end":{"line":12,"column":33}},"loc":{"start":{"line":12,"column":64},"end":{"line":57,"column":1}},"line":12},"1":{"name":"(anonymous_1)","decl":{"start":{"line":63,"column":32},"end":{"line":63,"column":33}},"loc":{"start":{"line":63,"column":64},"end":{"line":79,"column":1}},"line":63},"2":{"name":"(anonymous_2)","decl":{"start":{"line":85,"column":34},"end":{"line":85,"column":35}},"loc":{"start":{"line":85,"column":66},"end":{"line":105,"column":1}},"line":85},"3":{"name":"(anonymous_3)","decl":{"start":{"line":111,"column":34},"end":{"line":111,"column":35}},"loc":{"start":{"line":111,"column":66},"end":{"line":128,"column":1}},"line":111},"4":{"name":"(anonymous_4)","decl":{"start":{"line":134,"column":34},"end":{"line":134,"column":35}},"loc":{"start":{"line":134,"column":66},"end":{"line":148,"column":1}},"line":134},"5":{"name":"(anonymous_5)","decl":{"start":{"line":154,"column":36},"end":{"line":154,"column":37}},"loc":{"start":{"line":154,"column":68},"end":{"line":173,"column":1}},"line":154},"6":{"name":"(anonymous_6)","decl":{"start":{"line":179,"column":35},"end":{"line":179,"column":36}},"loc":{"start":{"line":179,"column":67},"end":{"line":211,"column":1}},"line":179},"7":{"name":"(anonymous_7)","decl":{"start":{"line":217,"column":33},"end":{"line":217,"column":34}},"loc":{"start":{"line":217,"column":65},"end":{"line":233,"column":1}},"line":217},"8":{"name":"(anonymous_8)","decl":{"start":{"line":239,"column":34},"end":{"line":239,"column":35}},"loc":{"start":{"line":239,"column":66},"end":{"line":249,"column":1}},"line":239}},"branchMap":{"0":{"loc":{"start":{"line":16,"column":2},"end":{"line":19,"column":3}},"type":"if","locations":[{"start":{"line":16,"column":2},"end":{"line":19,"column":3}},{"start":{"line":16,"column":2},"end":{"line":19,"column":3}}],"line":16},"1":{"loc":{"start":{"line":17,"column":10},"end":{"line":17,"column":21}},"type":"default-arg","locations":[{"start":{"line":17,"column":19},"end":{"line":17,"column":21}}],"line":17},"2":{"loc":{"start":{"line":17,"column":23},"end":{"line":17,"column":32}},"type":"default-arg","locations":[{"start":{"line":17,"column":30},"end":{"line":17,"column":32}}],"line":17},"3":{"loc":{"start":{"line":17,"column":34},"end":{"line":17,"column":45}},"type":"default-arg","locations":[{"start":{"line":17,"column":42},"end":{"line":17,"column":45}}],"line":17},"4":{"loc":{"start":{"line":17,"column":47},"end":{"line":17,"column":55}},"type":"default-arg","locations":[{"start":{"line":17,"column":54},"end":{"line":17,"column":55}}],"line":17},"5":{"loc":{"start":{"line":22,"column":2},"end":{"line":22,"column":35}},"type":"if","locations":[{"start":{"line":22,"column":2},"end":{"line":22,"column":35}},{"start":{"line":22,"column":2},"end":{"line":22,"column":35}}],"line":22},"6":{"loc":{"start":{"line":23,"column":2},"end":{"line":24,"column":31}},"type":"if","locations":[{"start":{"line":23,"column":2},"end":{"line":24,"column":31}},{"start":{"line":23,"column":2},"end":{"line":24,"column":31}}],"line":23},"7":{"loc":{"start":{"line":38,"column":10},"end":{"line":38,"column":56}},"type":"cond-expr","locations":[{"start":{"line":38,"column":43},"end":{"line":38,"column":51}},{"start":{"line":38,"column":54},"end":{"line":38,"column":56}}],"line":38},"8":{"loc":{"start":{"line":39,"column":10},"end":{"line":39,"column":38}},"type":"cond-expr","locations":[{"start":{"line":39,"column":25},"end":{"line":39,"column":33}},{"start":{"line":39,"column":36},"end":{"line":39,"column":38}}],"line":39},"9":{"loc":{"start":{"line":46,"column":2},"end":{"line":49,"column":6}},"type":"if","locations":[{"start":{"line":46,"column":2},"end":{"line":49,"column":6}},{"start":{"line":46,"column":2},"end":{"line":49,"column":6}}],"line":46},"10":{"loc":{"start":{"line":66,"column":2},"end":{"line":68,"column":3}},"type":"if","locations":[{"start":{"line":66,"column":2},"end":{"line":68,"column":3}},{"start":{"line":66,"column":2},"end":{"line":68,"column":3}}],"line":66},"11":{"loc":{"start":{"line":88,"column":2},"end":{"line":104,"column":3}},"type":"if","locations":[{"start":{"line":88,"column":2},"end":{"line":104,"column":3}},{"start":{"line":88,"column":2},"end":{"line":104,"column":3}}],"line":88},"12":{"loc":{"start":{"line":90,"column":4},"end":{"line":94,"column":5}},"type":"if","locations":[{"start":{"line":90,"column":4},"end":{"line":94,"column":5}},{"start":{"line":90,"column":4},"end":{"line":94,"column":5}}],"line":90},"13":{"loc":{"start":{"line":113,"column":2},"end":{"line":114,"column":63}},"type":"if","locations":[{"start":{"line":113,"column":2},"end":{"line":114,"column":63}},{"start":{"line":113,"column":2},"end":{"line":114,"column":63}}],"line":113},"14":{"loc":{"start":{"line":121,"column":2},"end":{"line":122,"column":74}},"type":"if","locations":[{"start":{"line":121,"column":2},"end":{"line":122,"column":74}},{"start":{"line":121,"column":2},"end":{"line":122,"column":74}}],"line":121},"15":{"loc":{"start":{"line":136,"column":2},"end":{"line":137,"column":63}},"type":"if","locations":[{"start":{"line":136,"column":2},"end":{"line":137,"column":63}},{"start":{"line":136,"column":2},"end":{"line":137,"column":63}}],"line":136},"16":{"loc":{"start":{"line":141,"column":2},"end":{"line":142,"column":74}},"type":"if","locations":[{"start":{"line":141,"column":2},"end":{"line":142,"column":74}},{"start":{"line":141,"column":2},"end":{"line":142,"column":74}}],"line":141},"17":{"loc":{"start":{"line":156,"column":2},"end":{"line":157,"column":63}},"type":"if","locations":[{"start":{"line":156,"column":2},"end":{"line":157,"column":63}},{"start":{"line":156,"column":2},"end":{"line":157,"column":63}}],"line":156},"18":{"loc":{"start":{"line":159,"column":2},"end":{"line":160,"column":74}},"type":"if","locations":[{"start":{"line":159,"column":2},"end":{"line":160,"column":74}},{"start":{"line":159,"column":2},"end":{"line":160,"column":74}}],"line":159},"19":{"loc":{"start":{"line":184,"column":2},"end":{"line":185,"column":70}},"type":"if","locations":[{"start":{"line":184,"column":2},"end":{"line":185,"column":70}},{"start":{"line":184,"column":2},"end":{"line":185,"column":70}}],"line":184},"20":{"loc":{"start":{"line":189,"column":2},"end":{"line":190,"column":74}},"type":"if","locations":[{"start":{"line":189,"column":2},"end":{"line":190,"column":74}},{"start":{"line":189,"column":2},"end":{"line":190,"column":74}}],"line":189},"21":{"loc":{"start":{"line":192,"column":2},"end":{"line":194,"column":3}},"type":"if","locations":[{"start":{"line":192,"column":2},"end":{"line":194,"column":3}},{"start":{"line":192,"column":2},"end":{"line":194,"column":3}}],"line":192},"22":{"loc":{"start":{"line":198,"column":2},"end":{"line":199,"column":75}},"type":"if","locations":[{"start":{"line":198,"column":2},"end":{"line":199,"column":75}},{"start":{"line":198,"column":2},"end":{"line":199,"column":75}}],"line":198},"23":{"loc":{"start":{"line":220,"column":2},"end":{"line":221,"column":74}},"type":"if","locations":[{"start":{"line":220,"column":2},"end":{"line":221,"column":74}},{"start":{"line":220,"column":2},"end":{"line":221,"column":74}}],"line":220},"24":{"loc":{"start":{"line":222,"column":2},"end":{"line":223,"column":79}},"type":"if","locations":[{"start":{"line":222,"column":2},"end":{"line":223,"column":79}},{"start":{"line":222,"column":2},"end":{"line":223,"column":79}}],"line":222}},"s":{"0":1,"1":1,"2":1,"3":1,"4":1,"5":1,"6":1,"7":0,"8":0,"9":0,"10":0,"11":0,"12":0,"13":0,"14":0,"15":0,"16":0,"17":0,"18":0,"19":0,"20":0,"21":0,"22":0,"23":0,"24":0,"25":0,"26":0,"27":0,"28":1,"29":1,"30":1,"31":0,"32":1,"33":1,"34":1,"35":1,"36":1,"37":1,"38":1,"39":0,"40":1,"41":1,"42":0,"43":1,"44":1,"45":1,"46":0,"47":1,"48":1,"49":0,"50":1,"51":1,"52":1,"53":1,"54":0,"55":1,"56":1,"57":0,"58":1,"59":1,"60":0,"61":0,"62":0,"63":0,"64":0,"65":0,"66":0,"67":0,"68":0,"69":0,"70":1,"71":0,"72":0,"73":0,"74":0,"75":0,"76":0,"77":0,"78":0,"79":0,"80":0,"81":0,"82":0,"83":0,"84":0,"85":0,"86":0,"87":0,"88":1,"89":0,"90":0,"91":0,"92":0,"93":0,"94":0,"95":0,"96":1,"97":0},"f":{"0":0,"1":1,"2":1,"3":1,"4":1,"5":0,"6":0,"7":0,"8":0},"b":{"0":[0,0],"1":[0],"2":[0],"3":[0],"4":[0],"5":[0,0],"6":[0,0],"7":[0,0],"8":[0,0],"9":[0,0],"10":[0,1],"11":[1,0],"12":[0,1],"13":[0,1],"14":[0,1],"15":[0,1],"16":[0,1],"17":[0,0],"18":[0,0],"19":[0,0],"20":[0,0],"21":[0,0],"22":[0,0],"23":[0,0],"24":[0,0]},"_coverageSchema":"1a1c01bbd47fc00a2c39e90264f33305004495a9","hash":"d507bf4d235c77d4ca6a206e79769322d0e1646a"}
,"/data/JavaScript/Node Training/Node/oficina/middlewares/advancedFilter.js": {"path":"/data/JavaScript/Node Training/Node/oficina/middlewares/advancedFilter.js","statementMap":{"0":{"start":{"line":1,"column":25},"end":{"line":1,"column":57}},"1":{"start":{"line":3,"column":0},"end":{"line":29,"column":3}},"2":{"start":{"line":4,"column":14},"end":{"line":4,"column":23}},"3":{"start":{"line":5,"column":10},"end":{"line":5,"column":19}},"4":{"start":{"line":6,"column":12},"end":{"line":6,"column":14}},"5":{"start":{"line":8,"column":2},"end":{"line":8,"column":27}},"6":{"start":{"line":9,"column":2},"end":{"line":18,"column":5}},"7":{"start":{"line":10,"column":4},"end":{"line":17,"column":5}},"8":{"start":{"line":11,"column":6},"end":{"line":15,"column":7}},"9":{"start":{"line":12,"column":8},"end":{"line":12,"column":57}},"10":{"start":{"line":14,"column":8},"end":{"line":14,"column":36}},"11":{"start":{"line":16,"column":6},"end":{"line":16,"column":26}},"12":{"start":{"line":19,"column":2},"end":{"line":19,"column":32}},"13":{"start":{"line":20,"column":2},"end":{"line":22,"column":5}},"14":{"start":{"line":21,"column":4},"end":{"line":21,"column":23}},"15":{"start":{"line":24,"column":2},"end":{"line":24,"column":26}},"16":{"start":{"line":25,"column":2},"end":{"line":25,"column":20}},"17":{"start":{"line":27,"column":2},"end":{"line":27,"column":19}},"18":{"start":{"line":28,"column":2},"end":{"line":28,"column":9}}},"fnMap":{"0":{"name":"(anonymous_0)","decl":{"start":{"line":3,"column":37},"end":{"line":3,"column":38}},"loc":{"start":{"line":3,"column":69},"end":{"line":29,"column":1}},"line":3},"1":{"name":"(anonymous_1)","decl":{"start":{"line":9,"column":46},"end":{"line":9,"column":47}},"loc":{"start":{"line":9,"column":63},"end":{"line":18,"column":3}},"line":9},"2":{"name":"(anonymous_2)","decl":{"start":{"line":20,"column":50},"end":{"line":20,"column":51}},"loc":{"start":{"line":20,"column":67},"end":{"line":22,"column":3}},"line":20}},"branchMap":{"0":{"loc":{"start":{"line":10,"column":4},"end":{"line":17,"column":5}},"type":"if","locations":[{"start":{"line":10,"column":4},"end":{"line":17,"column":5}},{"start":{"line":10,"column":4},"end":{"line":17,"column":5}}],"line":10},"1":{"loc":{"start":{"line":11,"column":6},"end":{"line":15,"column":7}},"type":"if","locations":[{"start":{"line":11,"column":6},"end":{"line":15,"column":7}},{"start":{"line":11,"column":6},"end":{"line":15,"column":7}}],"line":11}},"s":{"0":1,"1":1,"2":0,"3":0,"4":0,"5":0,"6":0,"7":0,"8":0,"9":0,"10":0,"11":0,"12":0,"13":0,"14":0,"15":0,"16":0,"17":0,"18":0},"f":{"0":0,"1":0,"2":0},"b":{"0":[0,0],"1":[0,0]},"_coverageSchema":"1a1c01bbd47fc00a2c39e90264f33305004495a9","hash":"a6d021305709f6799370150e6d106d7d2b603fef"}
,"/data/JavaScript/Node Training/Node/oficina/middlewares/auth.js": {"path":"/data/JavaScript/Node Training/Node/oficina/middlewares/auth.js","statementMap":{"0":{"start":{"line":1,"column":13},"end":{"line":1,"column":39}},"1":{"start":{"line":2,"column":25},"end":{"line":2,"column":57}},"2":{"start":{"line":3,"column":22},"end":{"line":3,"column":55}},"3":{"start":{"line":5,"column":0},"end":{"line":32,"column":2}},"4":{"start":{"line":6,"column":2},"end":{"line":31,"column":5}},"5":{"start":{"line":7,"column":4},"end":{"line":10,"column":8}},"6":{"start":{"line":8,"column":6},"end":{"line":10,"column":8}},"7":{"start":{"line":11,"column":15},"end":{"line":11,"column":59}},"8":{"start":{"line":13,"column":4},"end":{"line":13,"column":75}},"9":{"start":{"line":13,"column":15},"end":{"line":13,"column":75}},"10":{"start":{"line":14,"column":29},"end":{"line":17,"column":13}},"11":{"start":{"line":19,"column":4},"end":{"line":22,"column":8}},"12":{"start":{"line":20,"column":6},"end":{"line":22,"column":8}},"13":{"start":{"line":24,"column":4},"end":{"line":30,"column":5}},"14":{"start":{"line":25,"column":6},"end":{"line":25,"column":20}},"15":{"start":{"line":26,"column":11},"end":{"line":30,"column":5}},"16":{"start":{"line":27,"column":6},"end":{"line":27,"column":20}},"17":{"start":{"line":29,"column":6},"end":{"line":29,"column":75}}},"fnMap":{"0":{"name":"(anonymous_0)","decl":{"start":{"line":5,"column":20},"end":{"line":5,"column":21}},"loc":{"start":{"line":5,"column":36},"end":{"line":32,"column":1}},"line":5},"1":{"name":"(anonymous_1)","decl":{"start":{"line":6,"column":22},"end":{"line":6,"column":23}},"loc":{"start":{"line":6,"column":54},"end":{"line":31,"column":3}},"line":6}},"branchMap":{"0":{"loc":{"start":{"line":7,"column":4},"end":{"line":10,"column":8}},"type":"if","locations":[{"start":{"line":7,"column":4},"end":{"line":10,"column":8}},{"start":{"line":7,"column":4},"end":{"line":10,"column":8}}],"line":7},"1":{"loc":{"start":{"line":13,"column":4},"end":{"line":13,"column":75}},"type":"if","locations":[{"start":{"line":13,"column":4},"end":{"line":13,"column":75}},{"start":{"line":13,"column":4},"end":{"line":13,"column":75}}],"line":13},"2":{"loc":{"start":{"line":19,"column":4},"end":{"line":22,"column":8}},"type":"if","locations":[{"start":{"line":19,"column":4},"end":{"line":22,"column":8}},{"start":{"line":19,"column":4},"end":{"line":22,"column":8}}],"line":19},"3":{"loc":{"start":{"line":24,"column":4},"end":{"line":30,"column":5}},"type":"if","locations":[{"start":{"line":24,"column":4},"end":{"line":30,"column":5}},{"start":{"line":24,"column":4},"end":{"line":30,"column":5}}],"line":24},"4":{"loc":{"start":{"line":24,"column":8},"end":{"line":24,"column":52}},"type":"binary-expr","locations":[{"start":{"line":24,"column":8},"end":{"line":24,"column":29}},{"start":{"line":24,"column":33},"end":{"line":24,"column":52}}],"line":24},"5":{"loc":{"start":{"line":26,"column":11},"end":{"line":30,"column":5}},"type":"if","locations":[{"start":{"line":26,"column":11},"end":{"line":30,"column":5}},{"start":{"line":26,"column":11},"end":{"line":30,"column":5}}],"line":26}},"s":{"0":1,"1":1,"2":1,"3":1,"4":7,"5":0,"6":0,"7":0,"8":0,"9":0,"10":0,"11":0,"12":0,"13":0,"14":0,"15":0,"16":0,"17":0},"f":{"0":7,"1":0},"b":{"0":[0,0],"1":[0,0],"2":[0,0],"3":[0,0],"4":[0,0],"5":[0,0]},"_coverageSchema":"1a1c01bbd47fc00a2c39e90264f33305004495a9","hash":"142edcfc23655db5970bc722feabe4033bebcc09"}
,"/data/JavaScript/Node Training/Node/oficina/middlewares/errorHandler.js": {"path":"/data/JavaScript/Node Training/Node/oficina/middlewares/errorHandler.js","statementMap":{"0":{"start":{"line":1,"column":22},"end":{"line":1,"column":55}},"1":{"start":{"line":2,"column":30},"end":{"line":2,"column":53}},"2":{"start":{"line":4,"column":0},"end":{"line":18,"column":2}},"3":{"start":{"line":5,"column":16},"end":{"line":5,"column":21}},"4":{"start":{"line":6,"column":2},"end":{"line":9,"column":3}},"5":{"start":{"line":7,"column":4},"end":{"line":7,"column":29}},"6":{"start":{"line":8,"column":4},"end":{"line":8,"column":62}},"7":{"start":{"line":11,"column":2},"end":{"line":11,"column":23}},"8":{"start":{"line":13,"column":2},"end":{"line":17,"column":5}}},"fnMap":{"0":{"name":"(anonymous_0)","decl":{"start":{"line":4,"column":23},"end":{"line":4,"column":24}},"loc":{"start":{"line":4,"column":62},"end":{"line":18,"column":1}},"line":4}},"branchMap":{"0":{"loc":{"start":{"line":6,"column":2},"end":{"line":9,"column":3}},"type":"if","locations":[{"start":{"line":6,"column":2},"end":{"line":9,"column":3}},{"start":{"line":6,"column":2},"end":{"line":9,"column":3}}],"line":6},"1":{"loc":{"start":{"line":13,"column":13},"end":{"line":13,"column":38}},"type":"binary-expr","locations":[{"start":{"line":13,"column":13},"end":{"line":13,"column":31}},{"start":{"line":13,"column":35},"end":{"line":13,"column":38}}],"line":13},"2":{"loc":{"start":{"line":15,"column":11},"end":{"line":15,"column":45}},"type":"binary-expr","locations":[{"start":{"line":15,"column":11},"end":{"line":15,"column":25}},{"start":{"line":15,"column":29},"end":{"line":15,"column":45}}],"line":15}},"s":{"0":1,"1":1,"2":1,"3":0,"4":0,"5":0,"6":0,"7":0,"8":0},"f":{"0":0},"b":{"0":[0,0],"1":[0,0],"2":[0,0]},"_coverageSchema":"1a1c01bbd47fc00a2c39e90264f33305004495a9","hash":"9fc4e47558fde2493989c6b68a46c04cc5833d19"}
,"/data/JavaScript/Node Training/Node/oficina/middlewares/protectRoutes.js": {"path":"/data/JavaScript/Node Training/Node/oficina/middlewares/protectRoutes.js","statementMap":{"0":{"start":{"line":1,"column":12},"end":{"line":1,"column":35}},"1":{"start":{"line":2,"column":13},"end":{"line":2,"column":39}},"2":{"start":{"line":3,"column":25},"end":{"line":3,"column":57}},"3":{"start":{"line":4,"column":22},"end":{"line":4,"column":55}},"4":{"start":{"line":6,"column":0},"end":{"line":23,"column":3}},"5":{"start":{"line":7,"column":17},"end":{"line":7,"column":26}},"6":{"start":{"line":8,"column":2},"end":{"line":12,"column":3}},"7":{"start":{"line":9,"column":4},"end":{"line":9,"column":55}},"8":{"start":{"line":11,"column":4},"end":{"line":11,"column":59}},"9":{"start":{"line":14,"column":2},"end":{"line":14,"column":78}},"10":{"start":{"line":14,"column":17},"end":{"line":14,"column":78}},"11":{"start":{"line":16,"column":2},"end":{"line":20,"column":3}},"12":{"start":{"line":17,"column":4},"end":{"line":17,"column":42}},"13":{"start":{"line":19,"column":4},"end":{"line":19,"column":64}},"14":{"start":{"line":22,"column":2},"end":{"line":22,"column":9}}},"fnMap":{"0":{"name":"(anonymous_0)","decl":{"start":{"line":6,"column":36},"end":{"line":6,"column":37}},"loc":{"start":{"line":6,"column":68},"end":{"line":23,"column":1}},"line":6}},"branchMap":{"0":{"loc":{"start":{"line":8,"column":2},"end":{"line":12,"column":3}},"type":"if","locations":[{"start":{"line":8,"column":2},"end":{"line":12,"column":3}},{"start":{"line":8,"column":2},"end":{"line":12,"column":3}}],"line":8},"1":{"loc":{"start":{"line":11,"column":15},"end":{"line":11,"column":58}},"type":"binary-expr","locations":[{"start":{"line":11,"column":15},"end":{"line":11,"column":32}},{"start":{"line":11,"column":36},"end":{"line":11,"column":58}}],"line":11},"2":{"loc":{"start":{"line":14,"column":2},"end":{"line":14,"column":78}},"type":"if","locations":[{"start":{"line":14,"column":2},"end":{"line":14,"column":78}},{"start":{"line":14,"column":2},"end":{"line":14,"column":78}}],"line":14},"3":{"loc":{"start":{"line":16,"column":2},"end":{"line":20,"column":3}},"type":"if","locations":[{"start":{"line":16,"column":2},"end":{"line":20,"column":3}},{"start":{"line":16,"column":2},"end":{"line":20,"column":3}}],"line":16}},"s":{"0":1,"1":1,"2":1,"3":1,"4":1,"5":0,"6":0,"7":0,"8":0,"9":0,"10":0,"11":0,"12":0,"13":0,"14":0},"f":{"0":0},"b":{"0":[0,0],"1":[0,0],"2":[0,0],"3":[0,0]},"_coverageSchema":"1a1c01bbd47fc00a2c39e90264f33305004495a9","hash":"6b2e72f1fae95063954aad5b017f2d241733fd3a"}
,"/data/JavaScript/Node Training/Node/oficina/models/carros.js": {"path":"/data/JavaScript/Node Training/Node/oficina/models/carros.js","statementMap":{"0":{"start":{"line":1,"column":17},"end":{"line":1,"column":36}},"1":{"start":{"line":3,"column":18},"end":{"line":50,"column":2}},"2":{"start":{"line":52,"column":0},"end":{"line":52,"column":54}}},"fnMap":{},"branchMap":{},"s":{"0":1,"1":1,"2":1},"f":{},"b":{},"_coverageSchema":"1a1c01bbd47fc00a2c39e90264f33305004495a9","hash":"9a3def5412118e6362784644547353181350e7a2"}
,"/data/JavaScript/Node Training/Node/oficina/models/produtos.js": {"path":"/data/JavaScript/Node Training/Node/oficina/models/produtos.js","statementMap":{"0":{"start":{"line":1,"column":17},"end":{"line":1,"column":36}},"1":{"start":{"line":3,"column":20},"end":{"line":28,"column":2}},"2":{"start":{"line":30,"column":0},"end":{"line":30,"column":58}}},"fnMap":{},"branchMap":{},"s":{"0":1,"1":1,"2":1},"f":{},"b":{},"_coverageSchema":"1a1c01bbd47fc00a2c39e90264f33305004495a9","hash":"ade8303a4eb2abbc161b1c030035fdbeac57857c"}
,"/data/JavaScript/Node Training/Node/oficina/models/servicos.js": {"path":"/data/JavaScript/Node Training/Node/oficina/models/servicos.js","statementMap":{"0":{"start":{"line":1,"column":17},"end":{"line":1,"column":36}},"1":{"start":{"line":3,"column":20},"end":{"line":22,"column":2}},"2":{"start":{"line":24,"column":0},"end":{"line":24,"column":58}}},"fnMap":{},"branchMap":{},"s":{"0":1,"1":1,"2":1},"f":{},"b":{},"_coverageSchema":"1a1c01bbd47fc00a2c39e90264f33305004495a9","hash":"bcc2580edb3128a893f2271fd8d3408d4c7ecf51"}
,"/data/JavaScript/Node Training/Node/oficina/models/users.js": {"path":"/data/JavaScript/Node Training/Node/oficina/models/users.js","statementMap":{"0":{"start":{"line":1,"column":17},"end":{"line":1,"column":36}},"1":{"start":{"line":2,"column":12},"end":{"line":2,"column":35}},"2":{"start":{"line":3,"column":15},"end":{"line":3,"column":32}},"3":{"start":{"line":4,"column":21},"end":{"line":4,"column":45}},"4":{"start":{"line":5,"column":15},"end":{"line":5,"column":32}},"5":{"start":{"line":9,"column":15},"end":{"line":14,"column":2}},"6":{"start":{"line":16,"column":17},"end":{"line":81,"column":1}},"7":{"start":{"line":83,"column":0},"end":{"line":89,"column":2}},"8":{"start":{"line":91,"column":0},"end":{"line":97,"column":3}},"9":{"start":{"line":92,"column":2},"end":{"line":92,"column":43}},"10":{"start":{"line":92,"column":36},"end":{"line":92,"column":43}},"11":{"start":{"line":94,"column":13},"end":{"line":94,"column":37}},"12":{"start":{"line":95,"column":2},"end":{"line":95,"column":57}},"13":{"start":{"line":96,"column":2},"end":{"line":96,"column":9}},"14":{"start":{"line":99,"column":0},"end":{"line":103,"column":2}},"15":{"start":{"line":100,"column":2},"end":{"line":102,"column":5}},"16":{"start":{"line":105,"column":0},"end":{"line":107,"column":2}},"17":{"start":{"line":106,"column":2},"end":{"line":106,"column":55}},"18":{"start":{"line":109,"column":0},"end":{"line":114,"column":2}},"19":{"start":{"line":110,"column":12},"end":{"line":110,"column":50}},"20":{"start":{"line":111,"column":2},"end":{"line":111,"column":72}},"21":{"start":{"line":112,"column":2},"end":{"line":112,"column":44}},"22":{"start":{"line":113,"column":2},"end":{"line":113,"column":13}},"23":{"start":{"line":116,"column":0},"end":{"line":131,"column":3}},"24":{"start":{"line":118,"column":12},"end":{"line":118,"column":48}},"25":{"start":{"line":119,"column":2},"end":{"line":119,"column":15}},"26":{"start":{"line":120,"column":2},"end":{"line":129,"column":4}},"27":{"start":{"line":130,"column":2},"end":{"line":130,"column":9}},"28":{"start":{"line":133,"column":0},"end":{"line":138,"column":3}},"29":{"start":{"line":140,"column":0},"end":{"line":140,"column":52}}},"fnMap":{"0":{"name":"(anonymous_0)","decl":{"start":{"line":91,"column":23},"end":{"line":91,"column":24}},"loc":{"start":{"line":91,"column":45},"end":{"line":97,"column":1}},"line":91},"1":{"name":"(anonymous_1)","decl":{"start":{"line":99,"column":29},"end":{"line":99,"column":30}},"loc":{"start":{"line":99,"column":54},"end":{"line":103,"column":1}},"line":99},"2":{"name":"(anonymous_2)","decl":{"start":{"line":105,"column":36},"end":{"line":105,"column":37}},"loc":{"start":{"line":105,"column":62},"end":{"line":107,"column":1}},"line":105},"3":{"name":"(anonymous_3)","decl":{"start":{"line":109,"column":33},"end":{"line":109,"column":34}},"loc":{"start":{"line":109,"column":45},"end":{"line":114,"column":1}},"line":109},"4":{"name":"(anonymous_4)","decl":{"start":{"line":116,"column":23},"end":{"line":116,"column":24}},"loc":{"start":{"line":116,"column":45},"end":{"line":131,"column":1}},"line":116}},"branchMap":{"0":{"loc":{"start":{"line":92,"column":2},"end":{"line":92,"column":43}},"type":"if","locations":[{"start":{"line":92,"column":2},"end":{"line":92,"column":43}},{"start":{"line":92,"column":2},"end":{"line":92,"column":43}}],"line":92},"1":{"loc":{"start":{"line":99,"column":39},"end":{"line":99,"column":52}},"type":"default-arg","locations":[{"start":{"line":99,"column":48},"end":{"line":99,"column":52}}],"line":99},"2":{"loc":{"start":{"line":101,"column":15},"end":{"line":101,"column":47}},"type":"binary-expr","locations":[{"start":{"line":101,"column":15},"end":{"line":101,"column":21}},{"start":{"line":101,"column":25},"end":{"line":101,"column":47}}],"line":101}},"s":{"0":1,"1":1,"2":1,"3":1,"4":1,"5":1,"6":1,"7":1,"8":1,"9":1,"10":0,"11":1,"12":1,"13":1,"14":1,"15":0,"16":1,"17":0,"18":1,"19":0,"20":0,"21":0,"22":0,"23":1,"24":1,"25":1,"26":1,"27":1,"28":1,"29":1},"f":{"0":1,"1":0,"2":0,"3":0,"4":1},"b":{"0":[0,1],"1":[0],"2":[0,0]},"_coverageSchema":"1a1c01bbd47fc00a2c39e90264f33305004495a9","hash":"25978be98835ee42a2d8112a8cbae9c054dc84d4"}
,"/data/JavaScript/Node Training/Node/oficina/routes/carros.js": {"path":"/data/JavaScript/Node Training/Node/oficina/routes/carros.js","statementMap":{"0":{"start":{"line":1,"column":16},"end":{"line":1,"column":34}},"1":{"start":{"line":2,"column":26},"end":{"line":2,"column":66}},"2":{"start":{"line":3,"column":22},"end":{"line":3,"column":52}},"3":{"start":{"line":4,"column":25},"end":{"line":4,"column":64}},"4":{"start":{"line":11,"column":4},"end":{"line":11,"column":36}},"5":{"start":{"line":13,"column":13},"end":{"line":13,"column":29}},"6":{"start":{"line":15,"column":0},"end":{"line":15,"column":51}},"7":{"start":{"line":17,"column":0},"end":{"line":17,"column":43}},"8":{"start":{"line":19,"column":0},"end":{"line":19,"column":58}},"9":{"start":{"line":21,"column":0},"end":{"line":21,"column":33}},"10":{"start":{"line":23,"column":0},"end":{"line":23,"column":63}},"11":{"start":{"line":25,"column":0},"end":{"line":25,"column":24}}},"fnMap":{},"branchMap":{},"s":{"0":1,"1":1,"2":1,"3":1,"4":1,"5":1,"6":1,"7":1,"8":1,"9":1,"10":1,"11":1},"f":{},"b":{},"_coverageSchema":"1a1c01bbd47fc00a2c39e90264f33305004495a9","hash":"5d232396f6a4e4d4101dffbe464764fa39e6e775"}
,"/data/JavaScript/Node Training/Node/oficina/routes/produtos.js": {"path":"/data/JavaScript/Node Training/Node/oficina/routes/produtos.js","statementMap":{"0":{"start":{"line":1,"column":16},"end":{"line":1,"column":34}},"1":{"start":{"line":2,"column":26},"end":{"line":2,"column":66}},"2":{"start":{"line":3,"column":25},"end":{"line":3,"column":64}},"3":{"start":{"line":4,"column":22},"end":{"line":4,"column":52}},"4":{"start":{"line":11,"column":4},"end":{"line":11,"column":38}},"5":{"start":{"line":13,"column":13},"end":{"line":13,"column":29}},"6":{"start":{"line":15,"column":0},"end":{"line":18,"column":57}},"7":{"start":{"line":20,"column":0},"end":{"line":24,"column":58}},"8":{"start":{"line":26,"column":0},"end":{"line":26,"column":24}}},"fnMap":{},"branchMap":{},"s":{"0":1,"1":1,"2":1,"3":1,"4":1,"5":1,"6":1,"7":1,"8":1},"f":{},"b":{},"_coverageSchema":"1a1c01bbd47fc00a2c39e90264f33305004495a9","hash":"b3e6041542e0a8fc2c490999a9dff20569506417"}
,"/data/JavaScript/Node Training/Node/oficina/routes/servicos.js": {"path":"/data/JavaScript/Node Training/Node/oficina/routes/servicos.js","statementMap":{"0":{"start":{"line":1,"column":16},"end":{"line":1,"column":34}},"1":{"start":{"line":2,"column":25},"end":{"line":2,"column":64}},"2":{"start":{"line":3,"column":22},"end":{"line":3,"column":52}},"3":{"start":{"line":4,"column":26},"end":{"line":4,"column":66}},"4":{"start":{"line":11,"column":4},"end":{"line":11,"column":38}},"5":{"start":{"line":13,"column":13},"end":{"line":13,"column":29}},"6":{"start":{"line":15,"column":0},"end":{"line":18,"column":70}},"7":{"start":{"line":20,"column":0},"end":{"line":24,"column":72}},"8":{"start":{"line":26,"column":0},"end":{"line":26,"column":24}}},"fnMap":{},"branchMap":{},"s":{"0":1,"1":1,"2":1,"3":1,"4":1,"5":1,"6":1,"7":1,"8":1},"f":{},"b":{},"_coverageSchema":"1a1c01bbd47fc00a2c39e90264f33305004495a9","hash":"3a2d7795e38302313b80de7c9295203c149a1f2a"}
,"/data/JavaScript/Node Training/Node/oficina/tests/__test__/ajax-client.js": {"path":"/data/JavaScript/Node Training/Node/oficina/tests/__test__/ajax-client.js","statementMap":{"0":{"start":{"line":1,"column":14},"end":{"line":1,"column":35}},"1":{"start":{"line":5,"column":10},"end":{"line":5,"column":41}},"2":{"start":{"line":7,"column":15},"end":{"line":10,"column":1}},"3":{"start":{"line":8,"column":15},"end":{"line":8,"column":50}},"4":{"start":{"line":9,"column":2},"end":{"line":9,"column":29}},"5":{"start":{"line":12,"column":16},"end":{"line":15,"column":1}},"6":{"start":{"line":13,"column":16},"end":{"line":13,"column":52}},"7":{"start":{"line":14,"column":2},"end":{"line":14,"column":24}},"8":{"start":{"line":17,"column":17},"end":{"line":25,"column":1}},"9":{"start":{"line":18,"column":15},"end":{"line":22,"column":4}},"10":{"start":{"line":24,"column":2},"end":{"line":24,"column":29}},"11":{"start":{"line":27,"column":17},"end":{"line":33,"column":1}},"12":{"start":{"line":28,"column":15},"end":{"line":31,"column":4}},"13":{"start":{"line":32,"column":2},"end":{"line":32,"column":29}},"14":{"start":{"line":35,"column":17},"end":{"line":42,"column":1}},"15":{"start":{"line":36,"column":15},"end":{"line":40,"column":4}},"16":{"start":{"line":41,"column":2},"end":{"line":41,"column":29}},"17":{"start":{"line":44,"column":12},"end":{"line":53,"column":1}},"18":{"start":{"line":45,"column":15},"end":{"line":49,"column":4}},"19":{"start":{"line":50,"column":2},"end":{"line":51,"column":68}},"20":{"start":{"line":51,"column":4},"end":{"line":51,"column":68}},"21":{"start":{"line":52,"column":2},"end":{"line":52,"column":29}},"22":{"start":{"line":55,"column":0},"end":{"line":62,"column":2}}},"fnMap":{"0":{"name":"(anonymous_0)","decl":{"start":{"line":7,"column":15},"end":{"line":7,"column":16}},"loc":{"start":{"line":7,"column":48},"end":{"line":10,"column":1}},"line":7},"1":{"name":"(anonymous_1)","decl":{"start":{"line":12,"column":16},"end":{"line":12,"column":17}},"loc":{"start":{"line":12,"column":50},"end":{"line":15,"column":1}},"line":12},"2":{"name":"(anonymous_2)","decl":{"start":{"line":17,"column":17},"end":{"line":17,"column":18}},"loc":{"start":{"line":17,"column":56},"end":{"line":25,"column":1}},"line":17},"3":{"name":"(anonymous_3)","decl":{"start":{"line":27,"column":17},"end":{"line":27,"column":18}},"loc":{"start":{"line":27,"column":50},"end":{"line":33,"column":1}},"line":27},"4":{"name":"(anonymous_4)","decl":{"start":{"line":35,"column":17},"end":{"line":35,"column":18}},"loc":{"start":{"line":35,"column":49},"end":{"line":42,"column":1}},"line":35},"5":{"name":"(anonymous_5)","decl":{"start":{"line":44,"column":12},"end":{"line":44,"column":13}},"loc":{"start":{"line":44,"column":44},"end":{"line":53,"column":1}},"line":44}},"branchMap":{"0":{"loc":{"start":{"line":50,"column":2},"end":{"line":51,"column":68}},"type":"if","locations":[{"start":{"line":50,"column":2},"end":{"line":51,"column":68}},{"start":{"line":50,"column":2},"end":{"line":51,"column":68}}],"line":50}},"s":{"0":1,"1":1,"2":1,"3":1,"4":1,"5":1,"6":0,"7":0,"8":1,"9":1,"10":1,"11":1,"12":1,"13":1,"14":1,"15":1,"16":1,"17":1,"18":0,"19":0,"20":0,"21":0,"22":1},"f":{"0":1,"1":0,"2":1,"3":1,"4":1,"5":0},"b":{"0":[0,0]},"_coverageSchema":"1a1c01bbd47fc00a2c39e90264f33305004495a9","hash":"58ab6d4b57cd0d395bd071e075c16eec9aec8166"}
,"/data/JavaScript/Node Training/Node/oficina/tests/__test__/logger.js": {"path":"/data/JavaScript/Node Training/Node/oficina/tests/__test__/logger.js","statementMap":{"0":{"start":{"line":1,"column":13},"end":{"line":1,"column":28}},"1":{"start":{"line":3,"column":19},"end":{"line":3,"column":25}},"2":{"start":{"line":5,"column":13},"end":{"line":8,"column":1}},"3":{"start":{"line":10,"column":0},"end":{"line":10,"column":24}}},"fnMap":{},"branchMap":{},"s":{"0":1,"1":1,"2":1,"3":1},"f":{},"b":{},"_coverageSchema":"1a1c01bbd47fc00a2c39e90264f33305004495a9","hash":"5323d237f561a5c6e5353a28529848d3511a4d40"}
,"/data/JavaScript/Node Training/Node/oficina/tests/__test__/serverTest.js": {"path":"/data/JavaScript/Node Training/Node/oficina/tests/__test__/serverTest.js","statementMap":{"0":{"start":{"line":1,"column":16},"end":{"line":1,"column":34}},"1":{"start":{"line":2,"column":15},"end":{"line":2,"column":32}},"2":{"start":{"line":3,"column":23},"end":{"line":3,"column":45}},"3":{"start":{"line":4,"column":16},"end":{"line":4,"column":40}},"4":{"start":{"line":5,"column":15},"end":{"line":5,"column":32}},"5":{"start":{"line":6,"column":15},"end":{"line":6,"column":32}},"6":{"start":{"line":7,"column":17},"end":{"line":7,"column":37}},"7":{"start":{"line":8,"column":17},"end":{"line":8,"column":50}},"8":{"start":{"line":9,"column":18},"end":{"line":9,"column":47}},"9":{"start":{"line":10,"column":13},"end":{"line":10,"column":28}},"10":{"start":{"line":11,"column":12},"end":{"line":11,"column":26}},"11":{"start":{"line":12,"column":13},"end":{"line":12,"column":28}},"12":{"start":{"line":13,"column":25},"end":{"line":13,"column":66}},"13":{"start":{"line":14,"column":19},"end":{"line":14,"column":56}},"14":{"start":{"line":15,"column":20},"end":{"line":15,"column":50}},"15":{"start":{"line":16,"column":22},"end":{"line":16,"column":54}},"16":{"start":{"line":17,"column":22},"end":{"line":17,"column":54}},"17":{"start":{"line":21,"column":0},"end":{"line":21,"column":51}},"18":{"start":{"line":23,"column":10},"end":{"line":23,"column":19}},"19":{"start":{"line":29,"column":0},"end":{"line":29,"column":23}},"20":{"start":{"line":30,"column":0},"end":{"line":30,"column":40}},"21":{"start":{"line":31,"column":0},"end":{"line":31,"column":24}},"22":{"start":{"line":32,"column":0},"end":{"line":32,"column":19}},"23":{"start":{"line":36,"column":0},"end":{"line":36,"column":28}},"24":{"start":{"line":37,"column":0},"end":{"line":37,"column":20}},"25":{"start":{"line":38,"column":0},"end":{"line":38,"column":18}},"26":{"start":{"line":39,"column":0},"end":{"line":39,"column":20}},"27":{"start":{"line":41,"column":14},"end":{"line":44,"column":2}},"28":{"start":{"line":46,"column":0},"end":{"line":46,"column":17}},"29":{"start":{"line":47,"column":0},"end":{"line":47,"column":15}},"30":{"start":{"line":48,"column":0},"end":{"line":48,"column":16}},"31":{"start":{"line":52,"column":0},"end":{"line":52,"column":56}},"32":{"start":{"line":56,"column":0},"end":{"line":56,"column":37}},"33":{"start":{"line":57,"column":0},"end":{"line":57,"column":39}},"34":{"start":{"line":58,"column":0},"end":{"line":58,"column":43}},"35":{"start":{"line":59,"column":0},"end":{"line":59,"column":43}},"36":{"start":{"line":63,"column":0},"end":{"line":63,"column":22}},"37":{"start":{"line":67,"column":0},"end":{"line":69,"column":2}}},"fnMap":{},"branchMap":{},"s":{"0":1,"1":1,"2":1,"3":1,"4":1,"5":1,"6":1,"7":1,"8":1,"9":1,"10":1,"11":1,"12":1,"13":1,"14":1,"15":1,"16":1,"17":1,"18":1,"19":1,"20":1,"21":1,"22":1,"23":1,"24":1,"25":1,"26":1,"27":1,"28":1,"29":1,"30":1,"31":1,"32":1,"33":1,"34":1,"35":1,"36":1,"37":1},"f":{},"b":{},"_coverageSchema":"1a1c01bbd47fc00a2c39e90264f33305004495a9","hash":"68a3f3241a2d2639371612e9cc39d6e9f6c176d3"}
,"/data/JavaScript/Node Training/Node/oficina/tests/__test__/integration/users/routes.js": {"path":"/data/JavaScript/Node Training/Node/oficina/tests/__test__/integration/users/routes.js","statementMap":{"0":{"start":{"line":1,"column":16},"end":{"line":1,"column":34}},"1":{"start":{"line":8,"column":4},"end":{"line":8,"column":44}},"2":{"start":{"line":11,"column":13},"end":{"line":11,"column":29}},"3":{"start":{"line":13,"column":0},"end":{"line":13,"column":47}},"4":{"start":{"line":15,"column":0},"end":{"line":15,"column":76}},"5":{"start":{"line":17,"column":0},"end":{"line":17,"column":24}}},"fnMap":{},"branchMap":{},"s":{"0":1,"1":1,"2":1,"3":1,"4":1,"5":1},"f":{},"b":{},"_coverageSchema":"1a1c01bbd47fc00a2c39e90264f33305004495a9","hash":"520b376064bb8b7183776e8973120a1c266b7c25"}
,"/data/JavaScript/Node Training/Node/oficina/utils/ErrorResponse.js": {"path":"/data/JavaScript/Node Training/Node/oficina/utils/ErrorResponse.js","statementMap":{"0":{"start":{"line":3,"column":4},"end":{"line":3,"column":19}},"1":{"start":{"line":4,"column":4},"end":{"line":4,"column":34}},"2":{"start":{"line":5,"column":4},"end":{"line":5,"column":33}},"3":{"start":{"line":6,"column":4},"end":{"line":6,"column":51}},"4":{"start":{"line":10,"column":0},"end":{"line":10,"column":31}}},"fnMap":{"0":{"name":"(anonymous_0)","decl":{"start":{"line":2,"column":2},"end":{"line":2,"column":3}},"loc":{"start":{"line":2,"column":42},"end":{"line":7,"column":3}},"line":2}},"branchMap":{"0":{"loc":{"start":{"line":6,"column":18},"end":{"line":6,"column":50}},"type":"binary-expr","locations":[{"start":{"line":6,"column":18},"end":{"line":6,"column":23}},{"start":{"line":6,"column":27},"end":{"line":6,"column":50}}],"line":6}},"s":{"0":0,"1":0,"2":0,"3":0,"4":1},"f":{"0":0},"b":{"0":[0,0]},"_coverageSchema":"1a1c01bbd47fc00a2c39e90264f33305004495a9","hash":"f48b7135c0dba1fce8979c712c206e543449f1bb"}
,"/data/JavaScript/Node Training/Node/oficina/utils/asyncHandler.js": {"path":"/data/JavaScript/Node Training/Node/oficina/utils/asyncHandler.js","statementMap":{"0":{"start":{"line":1,"column":22},"end":{"line":1,"column":48}},"1":{"start":{"line":3,"column":0},"end":{"line":7,"column":2}},"2":{"start":{"line":4,"column":2},"end":{"line":6,"column":4}},"3":{"start":{"line":5,"column":4},"end":{"line":5,"column":61}}},"fnMap":{"0":{"name":"(anonymous_0)","decl":{"start":{"line":3,"column":23},"end":{"line":3,"column":24}},"loc":{"start":{"line":3,"column":39},"end":{"line":7,"column":1}},"line":3},"1":{"name":"(anonymous_1)","decl":{"start":{"line":4,"column":9},"end":{"line":4,"column":10}},"loc":{"start":{"line":4,"column":35},"end":{"line":6,"column":3}},"line":4}},"branchMap":{},"s":{"0":1,"1":1,"2":33,"3":4},"f":{"0":33,"1":4},"b":{},"_coverageSchema":"1a1c01bbd47fc00a2c39e90264f33305004495a9","hash":"a2a2301bbd2f76d10a6871820376963cbc4eb558"}
}
